<?xml version="1.0" encoding="UTF-8"?>
<coverage generated="1581475580625" clover="3.2.0">
  <project timestamp="1581475580625" name="All files">
    <metrics statements="3" coveredstatements="3" conditionals="2" coveredconditionals="2" methods="1" coveredmethods="1" elements="6" coveredelements="6" complexity="0" loc="3" ncloc="3" packages="1" files="1" classes="1"/>
    <file name="index.js" path="/Users/zacharyseaman/root/practice/test-driven-react/test-driven-fizzbuzz/index.js">
      <metrics statements="3" coveredstatements="3" conditionals="2" coveredconditionals="2" methods="1" coveredmethods="1"/>
      <line num="1" count="1" type="stmt"/>
      <line num="2" count="4" type="cond" truecount="2" falsecount="0"/>
      <line num="3" count="2" type="stmt"/>
    </file>
  </project>
</coverage>
